<?xml version="1.0" encoding="UTF-8"?>
<!-- Generated by org.testng.reporters.JUnitReportReporter -->
<testsuite skipped="0" hostname="DESKTOP-NRFG22P" name="com.Alkanza.GooglePlacesAPI.getGooglePlacesApi" tests="3" failures="0" timestamp="25 feb 2019 08:13:20 GMT" time="2.935" errors="0">
  <testcase name="test_NotFound" time="0.182" classname="com.Alkanza.GooglePlacesAPI.getGooglePlacesApi"/>
  <testcase name="test_Park" time="0.236" classname="com.Alkanza.GooglePlacesAPI.getGooglePlacesApi"/>
  <testcase name="test_CoffeeShop" time="2.517" classname="com.Alkanza.GooglePlacesAPI.getGooglePlacesApi"/>
</testsuite> <!-- com.Alkanza.GooglePlacesAPI.getGooglePlacesApi -->
